[    0.000000] Initializincgup subsys cpuset[   0.00] Initializing cgroup subsyspu
[  0.0000] Initializing cgroup suyspuacct
[    0.0000]inux versi 4.4-1-generic (ildd@lgw01-amd64-010) (gcc version 5.4.0 20160609 (Ubuntu 5.4.0-6ubuntu1~16.04.5) ) #135-Ubuntu SMP Fri Jan 19 11:48:36 UTC 2018 (Ubuntu 4.4.0-112.135-generic 4.4.98)
[    0.000000] Command line: BOOT_IMAGE=/boot/vmlinuz-4.4.0-112-generic root=LABEL=cloudimg-rootfs ro console=tty1 console=ttyS0
[    0.000000] KERNEL supported cpus:
[    0.000000]   Intel GenuineIntel
[    0.000000]   AMD AuthenticAMD
[    0.000000]   Centaur CentaurHauls
[    0.000000] x86/fpu: xstate_offset[2]:  576, xstate_sizes[2]:  256
[    0.000000] x86/fpu: Supporting XSAVE feature 0x01: 'x87 floating point registers'
[    0.000000] x86/fpu: Supporting XSAVE feature 0x02: 'SSE registers'
[    0.000000] x86/fpu: Supporting XSAVE feature 0x04: 'AVX registers'
[    0.000000] x86/fpu: Enabled xstate features 0x7, context size is 832 bytes, using 'standard' format.
[    0.000000] x86/fpu: Using 'lazy' FPU context switches.
[    0.000000] e820: BIOS-provided physical RAM map:
[    0.000000] BIOS-e820: [mem 0x0000000000000000-0x000000000009fbff] usable
[    0.000000] BIOS-e820: [mem 0x000000000009fc00-0x000000000009ffff] reserved
[    0.000000] BIOS-e820: [mem 0x00000000000f0000-0x00000000000fffff] reserved
[    0.000000] BIOS-e820: [mem 0x0000000000100000-0x000000003ffeffff] usable
[    0.000000] BIOS-e820: [mem 0x000000003fff0000-0x000000003fffffff] ACPI data
[    0.000000] BIOS-e820: [mem 0x00000000fec00000-0x00000000fec00fff] reserved
[    0.000000] BIOS-e820: [mem 0x00000000fee00000-0x00000000fee00fff] reserved
[    0.000000] BIOS-e820: [mem 0x00000000fffc0000-0x00000000ffffffff] reserved
[    0.000000] NX (Execute Disable) protection: active
[    0.000000] SMBIOS 2.5 present.
[    0.000000] Hypervisor detected: KVM
[    0.000000] e820: last_pfn = 0x3fff0 max_arch_pfn = 0x400000000
[    0.000000] MTRR: Disabled
[    0.000000] x86/PAT: MTRRs disabled, skipping PAT initialization too.
[    0.000000] CPU MTRRs all blank - virtualized system.
[    0.000000] x86/PAT: Configuration [0-7]: WB  WT  UC- UC  WB  WT  UC- UC  
[    0.000000] found SMP MP-table at [mem 0x0009fff0-0x0009ffff] mapped at [ffff88000009fff0]
[    0.000000] Scanning 1 areas for low memory corruption
[    0.000000] RAMDISK: [mem 0x3622e000-0x3710efff]
[    0.000000] ACPI: Early table checksum verification disabled
[    0.000000] ACPI: RSDP 0x00000000000E0000 000024 (v02 VBOX  )
[    0.000000] ACPI: XSDT 0x000000003FFF0030 00003C (v01 VBOX   VBOXXSDT 00000001 ASL  00000061)
[    0.000000] ACPI: FACP 0x000000003FFF00F0 0000F4 (v04 VBOX   VBOXFACP 00000001 ASL  00000061)
[    0.000000] ACPI: DSDT 0x000000003FFF0470 0021FF (v02 VBOX   VBOXBIOS 00000002 INTL 20160831)
[    0.000000] ACPI: FACS 0x000000003FFF0200 000040
[    0.000000] ACPI: FACS 0x000000003FFF0200 000040
[    0.000000] ACPI: APIC 0x000000003FFF0240 00005C (v02 VBOX   VBOXAPIC 00000001 ASL  00000061)
[    0.000000] ACPI: SSDT 0x000000003FFF02A0 0001CC (v01 VBOX   VBOXCPUT 00000002 INTL 20160831)
[    0.000000] No NUMA configuration found
[    0.000000] Faking a node at [mem 0x0000000000000000-0x000000003ffeffff]
[    0.000000] NODE_DATA(0) allocated [mem 0x3ffeb000-0x3ffeffff]
[    0.000000] kvm-clock: Using msrs 4b564d01 and 4b564d00
[    0.000000] kvm-clock: cpu 0, msr 0:3ffe3001, primary cpu clock
[    0.000000] kvm-clock: using sched offset of 3274970390 cycles
[    0.000000] clocksource: kvm-clock: mask: 0xffffffffffffffff max_cycles: 0x1cd42e4dffb, max_idle_ns: 881590591483 ns
[    0.000000] Zone ranges:
[    0.000000]   DMA      [mem 0x0000000000001000-0x0000000000ffffff]
[    0.000000]   DMA32    [mem 0x0000000001000000-0x000000003ffeffff]
[    0.000000]   Normal   empty
[    0.000000]   Device   empty
[    0.000000] Movable zone start for each node
[    0.000000] Early memory node ranges
[    0.000000]   node   0: [mem 0x0000000000001000-0x000000000009efff]
[    0.000000]   node   0: [mem 0x0000000000100000-0x000000003ffeffff]
[    0.000000] Initmem setup node 0 [mem 0x0000000000001000-0x000000003ffeffff]
[    0.000000] ACPI: PM-Timer IO Port: 0x4008
[    0.000000] IOAPIC[0]: apic_id 2, version 32, address 0xfec00000, GSI 0-23
[    0.000000] ACPI: INT_SRC_OVR (bus 0 bus_irq 0 global_irq 2 dfl dfl)
[    0.000000] ACPI: INT_SRC_OVR (bus 0 bus_irq 9 global_irq 9 low level)
[   .0000] Using ACPI (MADT) for SMP configuraonnformation
[    0.000000] smpboot: Allong CPUs, 0 hotplug CPUs
[    0.000000] PM: giered nose memory: [mem 0x00000000-0x00000fff]
[    0.000000] PM: Registered nosave memory: [mem 0x0009f000-0x0009ffff]
[    0.000000] PM: Registered nosave memory: [mem 0x000a0000-0x000effff]
[    0.000000] PM: Registered nosave memory: [mem 0x000f0000-0x000fffff]
[    0.000000] e820: [mem 0x40000000-0xfebfffff] available for PCI devices
[    0.000000] Booting paravirtualized kernel on KVM
[    0.000000] clocksource: refined-jiffies: mask: 0xffffffff max_cycles: 0xffffffff, max_idlens 75519600211568 ns
[    0.000000] setup_percpu: NR_CPUS:512 nr_cpumask_bits:512 nr_cpu_ids:2 nr_node_ids:1
[    0.000000] PERCPU: Embedded 34 pages/cpu @ffff88003fc00000 s99544 r8192 d31528 u1048576
[    0.000000] PV qspinlock hash table entries: 256 (order: 0, 4096 bytes)
[    0.000000] Built 1 zonelists in Node order, mobility grouping on.  Total pages: 257913
[    0.000000] Policy zone: DMA32
[    0.000000] Kernel command line: BOOT_IMAGE=/boot/vmlinuz-4.4.0-112-generic root=LABEL=cloudimg-rootfs ro console=tty1 console=ttyS0
[    0.000000] PID hash table entries: 4096 (order: 3, 32768 bytes)
[    0.000000] Memory: 997296K/1048120K available (8499K kernel code, 1309K rwdata, 3988K rodata, 1508K init, 1316K bss, 50824K reserved, 0K cma-reserved)
[    0.000000] SLUB: HWalign=64, Order=0-3, MinObjects=0, CPUs=2, Nodes=1
[    0.000000] Kernel/User page tables isolation: enabled
[    0.000000] Hierarchical RCU implementation.
[    0.000000] 	Build-time adjustment of leaf fanout to 64.
[    0.000000] 	RCU restricting CPUs from NR_CPUS=512 to nr_cpu_ids=2.
[    0.000000] RCU: Adjusting geometry for rcu_fanout_leaf=64, nr_cpu_ids=2
[    0.000000] NR_IRQS:33024 nr_irqs:440 16
[    0.000000] Console: colour VGA+ 80x25
[    0.000000] console [tty1] enabled
[    0.000000] console [ttyS0] enabled
[    0.000000] tsc: Detected 3292.518 MHz processor
[    2.326225] Calibrating delay loop (skipped) preset value.. 6585.03 BogoMIPS (lpj=13170072)
[    2.327668] pid_max: default: 32768 minimum: 301
[    2.328452] ACPI: Core revision 20150930
[    2.330064] ACPI: 2 ACPI AML tables successfully acquired and loaded
[    2.331205] Security Framework initialized
[    2.331910] Yama: becoming mindful.
[    2.332565] AppArmor: AppArmor initialized
[    2.333346] Dentry cache hash table entries: 131072 (order: 8, 1048576 bytes)
[  2335104] Inode-cache hash table entries: 65536 (order: 7, 524288 bytes)
[    2.380611] Mount-cache hash table entries: 2048 (order: 2, 16384 bytes)
[    2.381649] Mountpoint-cache hash table entries: 2048 (order: 2, 16384 bytes)
[    2.382858] Initializing cgroup subsys io
[    2.383567] Initializing cgroup subsys memory
[    2.384316] Initializing cgroup subsys devices
[    2.385063] Initializing cgroup subsys freezer
[    2.385965] Initializing cgroup subsys net_cls
[    2.505684] Initializing cgroup subsys perf_event
[    2.642288] Initializing cgroup subsys net_prio
[    2.776572] Initializing cgroup subsys hugetlb
[    2.910260] Initializing cgroup subsys pids
[    2.969888] CPU: Physical Processor ID: 0
[    2.970785] CPU: Processor Core ID: 0
[    2.971634] FEATURE SPEC_CTRL Not Present
[    2.972530] mce: CPU supports 0 MCE banks
[    2.973453] Last level iTLB entries: 4KB 512, 2MB 8, 4MB 8
[    2.974590] Last level dTLB entries: 4KB 512, 2MB 32, 4MB 32, 1GB 0
[    2.987693] Freeing SMP alternatives memory: 32K
[    2.998340] ftrace: allocating 32180 entries in 126 pages
[    3.046484] smpboot: APIC(0) Converting physical 0 to logical package 0
[    3.053087] smpboot: Max logical packages: 1
[    3.055353] x2apic enabled
[    3.056283] Switched APIC routing to physical x2apic.
[    3.058398] ..TIMER: vector=0x30 apic1=0 pin1=2 apic2=-1 pin2=-1
[    3.165178] smpboot: CPU0: Intel(R) Core(TM) i3-2120 CPU @ 3.30GHz (family: 0x6, model: 0x2a, stepping: 0x7)
[    3.175332] Performance Events: unsupported p6 CPU model 42 no PMU driver, software events only.
[    3.177326] KVM setup paravirtual spinlock
[    3.178867] x86: Booting SMP configuration:
[    3.182098] .... node  #0, CPUs:      #1
[    3.183108] kvm-clock: cpu 1, msr 0:3ffe3041, secondary cpu clock
[    3.186150] mce: CPU supports 0 MCE banks
[    3.188766] x86: Booted up 1 node, 2 CPUs
[    3.194705] smpboot: Total of 2 processors activated (13170.07 BogoMIPS)
[    3.207948] devtmpfs: initialized
[    3.232962] evm: security.selinux
[    3.234743] evm: security.SMACK64
[    3.237701] evm: security.SMACK64EXEC
[    3.238359] evm: security.SMACK64TRANSMUTE
[    3.241825] evm: security.SMACK64MMAP
[    3.242483] evm: security.ima
[    3.245676] evm: security.capability
[    3.246567] clocksource: jiffies: mask: 0xffffffff max_cycles: 0xffffffff, max_idle_ns: 7645041785100000 ns
[    3.254159] futex hash table entries: 512 (order: 3, 32768 bytes)
[    3.258384] pinctrl core: initialized pinctrl subsystem
[    3.305802] RTC time:  6:53:45, date: 02/16/18
[    3.306930] NET: Registered protocol family 16
[    3.317542] cpuidle: using governor ladder
[    3.329689] cpuidle: using governor menu
[    3.334423] PCCT header not found.
[    3.335580] ACPI: bus type PCI registered
[    3.336936] acpiphp: ACPI Hot Plug PCI Controller Driver version: 0.5
[    3.339232] PCI: Using configuration type 1 for base access
[    3.355289] ACPI: Added _OSI(Module Device)
[    3.359933] ACPI: Added _OSI(Processor Device)
[    3.361669] ACPI: Added _OSI(3.0 _SCP Extensions)
[    3.363420] ACPI: Added _OSI(Processor Aggregator Device)
[    3.366214] ACPI: Executed 1 blocks of module-level executable AML code
[    3.369291] ACPI: Interpreter enabled
[    3.371202] ACPI: (supports S0 S5)
[    3.371988] ACPI: Using IOAPIC for interrupt routing
[    3.373155] PCI: Using host bridge windows from ACPI; if necessary, use "pci=nocrs" and report a bug
[    3.378180] ACPI: PCI Root Bridge [PCI0] (domain 0000 [bus 00-ff])
[    3.382621] acpi PNP0A03:00: _OSC: OS supports [ASPM ClockPM Segments MSI]
[    3.383975] acpi PNP0A03:00: _OSC: not requesting OS control; OS requires [ExtendedConfig ASPM ClockPM MSI]
[    3.404576] acpi PNP0A03:00: fail to add MMCONFIG information, can't access extended PCI configuration space under this bridge.
[    3.411822] PCI host bridge to bus 0000:00
[    3.412533] pci_bus 0000:00: root bus resource [io  0x0000-0x0cf7 window]
[    3.413535] pci_bus 0000:00: root bus resource [io  0x0d00-0xffff window]
[    3.414551] pci_bus 0000:00: root bus resource [mem 0x000a0000-0x000bffff window]
[    3.415823] pci_bus 0000:00: root bus resource [mem 0x40000000-0xfdffffff window]
[    3.417090] pci_bus 0000:00: root bus resource [bus 00-ff]
[    3.419357] pci 0000:00:01.1: legacy IDE quirk: reg 0x10: [io  0x01f0-0x01f7]
[    3.420410] pci 0000:00:01.1: legacy IDE quirk: reg 0x14: [io  0x03f6]
[    3.421382] pci 0000:00:01.1: legacy IDE quirk: reg 0x18: [io  0x0170-0x0177]
[    3.422445] pci 0000:00:01.1: legacy IDE quirk: reg 0x1c: [io  0x0376]
[    3.445145] pci 0000:00:07.0: quirk: [io  0x4000-0x403f] claimed by PIIX4 ACPI
[    3.466659] pci 0000:00:07.0: quirk: [io  0x4100-0x410f] claimed by PIIX4 SMB
[    3.533838] ACPI: PCI Interrupt Link [LNKA] (IRQs 5 9 10 *11)
[    3.549785] ACPI: PCI Interrupt Link [LNKB] (IRQs 5 9 *10 11)
[    3.565963] ACPI: PCI Interrupt Link [LNKC] (IRQs 5 *9 10 11)
[    3.574620] ACPI: PCI Interrupt Link [LNKD] (IRQs 5 9 10 *11)
[    3.575983] ACPI: Enabled 2 GPEs in block 00 to 07
[    3.627005] vgaarb: setting as boot device: PCI:0000:00:02.0
[    3.645886] vgaarb: device added: PCI:0000:00:02.0,decodes=io+mem,owns=io+mem,locks=none
[    3.647243] vgaarb: loaded
[    3.655529] vgaarb: bridge control possible 0000:00:02.0
[    3.672561] SCSI subsystem initialized
[    3.673350] ACPI: bus type USB registered
[    3.705567] usbcore: registered new interface driver usbfs
[    3.710251] usbcore: registered new interface driver hub
[    3.711112] usbcore: registered new device driver usb
[    3.712624] PCI: Using ACPI for IRQ routing
[    3.742925] NetLabel: Initializing
[    3.757636] NetLabel:  domain hash size = 128
[    3.766966] NetLabel:  protocols = UNLABELED CIPSOv4
[    3.767779] NetLabel:  unlabeled traffic allowed by default
[    3.768795] amd_nb: Cannot enumerate AMD northbridges
[    3.785780] clocksource: Switched to clocksource kvm-clock
[    3.793119] AppArmor: AppArmor Filesystem Enabled
[  3750]npPnAC it  4.49793] pn: P PIfod dece

[    4.704156] clocksource: acpi_pm: mask: 0xffffff max_cycles: 0xffffff, max_idle_ns: 2085701024 ns
[    4.709019] NET: Registered protocol family 2
[    4.710397] TCP established hash table entries: 8192 (order: 4, 65536 bytes)
[    4.712168] TCP bind hash table entries: 8192 (order: 5, 131072 bytes)
[    4.713825] TCP: Hash tables configured (established 8192 bind 8192)
[    4.715496] UDP hash table entries: 512 (order: 2, 16384 bytes)
[    4.716819] UDP-Lite hash table entries: 512 (order: 2, 16384 bytes)
[    4.718107] NET: Registered protocol family 1
[    4.719109] pci 0000:00:00.0: Limiting direct PCI/PCI transfers
[    4.720332] pci 0000:00:01.0: Activating ISA DMA hang workarounds
[    4.721677] Unpacking initramfs...
[    4.923391] Freeing initrd memory: 15236K
[    4.946203] RAPL PMU detected, API unit is 2^-32 Joules, 3 fixed counters 10737418240 ms ovfl timer
[    4.948125] hw unit of domain pp0-core 2^-0 Joules
[    4.949152] hw unit of domain package 2^-0 Joules
[    4.950178] hw unit of domain pp1-gpu 2^-0 Joules
[    4.951244] platform rtc_cmos: registered platform RTC device (no PNP device found)
[    4.952968] Scanning for low memory corruption every 60 seconds
[    4.954702] audit: initializing netlink subsys (disabled)
[    4.955847] audit: type=2000 audit(1518764028.394:1): initialized
[    4.957349] Initialise system trusted keyring
[    4.958617] HugeTLB registered 2 MB page size, pre-allocated 0 pages
[    4.961210] zbud: loaded
[    4.966076] VFS: Disk quotas dquot_6.6.0
[    4.966994] VFS: Dquot-cache hash table entries: 512 (order 0, 4096 bytes)
[    4.968595] squashfs: version 4.0 (2009/01/31) Phillip Lougher
[    4.970102] fuse init (API version 7.23)
[    4.971113] Key type big_key registered
[    4.972017] Allocating IMA MOK and blacklist keyrings.
[    4.974249] Key type asymmetric registered
[    4.975169] Asymmetric key parser 'x509' registered
[    4.976248] Block layer SCSI generic (bsg) driver version 0.4 loaded (major 249)
[    4.977945] io scheduler noop registered
[    4.978838] io scheduler deadline registered (default)
[    4.979948] io scheduler cfq registered
[    4.980913] pci_hotplug: PCI Hot Plug PCI Core version: 0.5
[    4.982072] pciehp: PCI Express Hot Plug Controller Driver version: 0.4
[    4.983565] ACPI: AC Adapter [AC] (on-line)
[    4.984549] input: Power Button as /devices/LNXSYSTM:00/LNXPWRBN:00/input/input0
[    4.986202] ACPI: Power Button [PWRF]
[    4.987140] input: Sleep Button as /devices/LNXSYSTM:00/LNXSLPBN:00/input/input1
[    4.988780] ACPI: Sleep Button [SLPF]
[    4.989825] GHES: HEST is not enabled!
[    4.990760] Serial: 8250/16550 driver, 32 ports, IRQ sharing enabled
[    5.013727] 00:02: ttyS0 at I/O 0x3f8 (irq = 4, base_baud = 115200) is a 16550A
[    5.017865] Linux agpgart interface v0.103
[    5.020565] loop: module loaded
[    5.023974] scsi host0: ata_piix
[    5.026155] scsi host1: ata_piix
[    5.026969] ata1: PATA max UDMA/33 cmd 0x1f0 ctl 0x3f6 bmdma 0xd000 irq 14
[    5.028346] ata2: PATA max UDMA/33 cmd 0x170 ctl 0x376 bmdma 0xd008 irq 15
[    5.029805] libphy: Fixed MDIO Bus: probed
[    5.030766] tun: Universal TUN/TAP device driver, 1.6
[    5.031839] tun: (C) 1999-2004 Max Krasnyansky <maxk@qualcomm.com>
[    5.035743] PPP generic driver version 2.4.2
[    5.036757] ehci_hcd: USB 2.0 'Enhanced' Host Controller (EHCI) Driver
[    5.038108] ehci-pci: EHCI PCI platform driver
[    5.039089] ehci-platform: EHCI generic platform driver
[    5.040207] ohci_hcd: USB 1.1 'Open' Host Controller (OHCI) Driver
[    5.041462] ohci-pci: OHCI PCI platform driver
[    5.042459] ohci-platform: OHCI generic platform driver
[    5.043561] uhci_hcd: USB Universal Host Controller Interface driver
[    5.044897] i8042: PNP: PS/2 Controller [PNP0303:PS2K,PNP0f03:PS2M] at 0x60,0x64 irq 1,12
[    5.047180] serio: i8042 KBD port at 0x60,0x64 irq 1
[    5.048249] serio: i8042 AUX port at 0x60,0x64 irq 12
[    5.049414] mousedev: PS/2 mouse device common for all mice
[    5.050985] rtc_cmos rtc_cmos: rtc core: registered rtc_cmos as rtc0
[    5.052364] rtc_cmos rtc_cmos: alarms up to one day, 114 bytes nvram
[    5.053690] i2c /dev entries driver
[    5.054614] input: AT Translated Set 2 keyboard as /devices/platform/i8042/serio0/input/input2
[    5.056543] device-mapper: uevent: version 1.0.3
[    5.057700] device-mapper: ioctl: 4.34.0-ioctl (2015-10-28) initialised: dm-devel@redhat.com
[    5.059565] ledtrig-cpu: registered to indicate activity on CPUs
[    5.061368] NET: Registered protocol family 10
[    5.062601] NET: Registered protocol family 17
[    5.063585] Key type dns_resolver registered
[    5.064678] microcode: CPU0 sig=0x206a7, pf=0x10, revision=0x0
[    5.067151] microcode: CPU1 sig=0x206a7, pf=0x10, revision=0x0
[    5.068389] microcode: Microcode Update Driver: v2.01 <tigran@aivazian.fsnet.co.uk>, Peter Oruba
[    5.070372] registered taskstats version 1
[    5.071336] Loading compiled-in X.509 certificates
[    5.073079] Loaded X.509 cert 'Build time autogenerated kernel key: 4c603087bab8f0a02cb3b4e1fb4c40f507e71ef1'
[    5.075185] zswap: loaded using pool lzo/zbud
[    5.079155] Key type trusted registered
[    5.090067] Key type encrypted registered
[    5.096144] AppArmor: AppArmor sha1 policy hashing enabled
[    5.097559] ima: No TPM chip found, activating TPM-bypass!
[    5.099026] evm: HMAC attrs: 0x1
[    5.100407]   Magic number: 6:151:873
[    5.101562] rtc_cmos rtc_cmos: setting system clock to 2018-02-16 06:53:47 UTC (1518764027)
[    5.103997] BIOS EDD facility v0.16 2004-Jun-25, 0 devices found
[    5.105526] EDD information not available.
[    5.184218] Freeing unused kernel memory: 1508K
[    5.206153] Write protecting the kernel read-only data: 14336k
[    5.207903] Freeing unused kernel memory: 1728K
[    5.212467] Freeing unused kernel memory: 108K
Loading, please wait...
starting version[    5.230522] random: systemd-udevd: uninitialized urandom read (16 bytes read, 2 bits of entropy available)
 229
[    5.231286] random: udevadm: uninitialized urandom read (16 bytes read, 2 bits of entropy available)
[    5.231315] random: udevadm: uninitialized urandom read (16 bytes read, 2 bits of entropy available)
[    5.243963] random: systemd-udevd: uninitialized urandom read (16 bytes read, 2 bits of entropy available)
[    5.244789] random: udevadm: uninitialized urandom read (16 bytes read, 2 bits of entropy available)
[    5.244844] random: udevadm: uninitialized urandom read (16 bytes read, 2 bits of entropy available)
[    5.245043] random: udevadm: uninitialized urandom read (16 bytes read, 2 bits of entropy available)
[    5.245122] random: udevadm: uninitialized urandom read (16 bytes read, 2 bits of entropy available)
[    5.245199] random: udevadm: uninitialized urandom read (16 bytes read, 2 bits of entropy available)
[    5.245279] random: udevadm: uninitialized urandom read (16 bytes read, 2 bits of entropy available)
[    5.315678] Fusion MPT base driver 3.04.20
[    5.386233] Copyright (c) 1999-2008 LSI Corporation
[    5.406383] e1000: Intel(R) PRO/1000 Network Driver - version 7.3.21-k8-NAPI
[    5.430314] e1000: Copyright (c) 1999-2006 Intel Corporation.
[    5.469304] Fusion MPT SPI Host driver 3.04.20
[    5.681333] input: ImExPS/2 Generic Explorer Mouse as /devices/platform/i8042/serio1/input/input4
[    5.828445] e1000 0000:00:03.0 eth0: (PCI:33MHz:32-bit) 02:69:07:7b:a1:bd
[    5.828451] e1000 0000:00:03.0 eth0: Intel(R) PRO/1000 Network Connection
[    6.199369] e1000 0000:00:08.0 eth1: (PCI:33MHz:32-bit) 08:00:27:38:ef:cf
[    6.199372] e1000 0000:00:08.0 eth1: Intel(R) PRO/1000 Network Connection
[    6.255732] e1000 0000:00:03.0 enp0s3: renamed from eth0
[    6.256610] mptbase: ioc0: Initiating bringup
[    6.275523] tsc: Refined TSC clocksource calibration: 3292.605 MHz
[    6.286133] clocksource: tsc: mask: 0xffffffffffffffff max_cycles: 0x2f7602c17ed, max_idle_ns: 440795294948 ns
[    6.316951] e1000 0000:00:08.0 enp0s8: renamed from eth1
[    6.656129] ioc0: LSI53C1030 A0: Capabilities={Initiator}
[    7.347796] scsi host2: ioc0: LSI53C1030 A0, FwRev=00000000h, Ports=1, MaxQ=256, IRQ=20
[    7.761141] scsi 2:0:0:0: Direct-Access     VBOX     HARDDISK         1.0  PQ: 0 ANSI: 5
[    7.829212] scsi target2:0:0: Beginning Domain Validation
[    7.831334] scsi target2:0:0: Domain Validation skipping write tests
[    7.832606] scsi target2:0:0: Ending Domain Validation
[    7.842187] scsi target2:0:0: asynchronous
[    7.846662] scsi 2:0:1:0: Direct-Access     VBOX     HARDDISK         1.0  PQ: 0 ANSI: 5
[    7.848415] scsi target2:0:1: Beginning Domain Validation
[    7.850668] scsi target2:0:1: Domain Validation skipping write tests
[    7.851952] scsi target2:0:1: Ending Domain Validation
[    7.853074] scsi target2:0:1: asynchronous
[    7.858968] sd 2:0:0:0: [sda] 20971520 512-byte logical blocks: (10.7 GB/10.0 GiB)
[    7.863691] sd 2:0:0:0: [sda] Write Protect is off
[    7.864863] sd 2:0:0:0: Attached scsi generic sg0 type 0
[    7.866083] sd 2:0:0:0: [sda] Incomplete mode parameter data
[    7.867260] sd 2:0:0:0: [sda] Assuming drive cache: write through
[    7.869171] sd 2:0:1:0: [sdb] 20480 512-byte logical blocks: (10.5 MB/10.0 MiB)
[    7.872455] sd 2:0:1:0: [sdb] Write Protect is off
[    7.875629]  sda: sda1
[    7.875761] sd 2:0:1:0: [sdb] Incomplete mode parameter data
[    7.875762] sd 2:0:1:0: [sdb] Assuming drive cache: write through
[    7.883717] sd 2:0:1:0: Attached scsi generic sg1 type 0
[    7.886420] sd 2:0:0:0: [sda] Attached SCSI disk
[    7.916987] sd 2:0:1:0: [sdb] Attached SCSI disk
[    8.498085] floppy0: no floppy controllers found
Begin: Loading e[   10.039090] md: linear personality registered for level -1
ssential drivers ... [   10.089795] md: multipath personality registered for level -4
[   10.108988] md: raid0 personality registered for level 0
[   10.129974] md: raid1 personality registered for level 1
[   10.225215] raid6: sse2x1   gen()  9500 MB/s
[   10.315211] raid6: sse2x1   xor()  6874 MB/s
[   10.386242] raid6: sse2x2   gen() 10758 MB/s
[   10.455163] raid6: sse2x2   xor()  7956 MB/s
[   10.535207] raid6: sse2x4   gen() 14162 MB/s
[   10.602047] raid6: sse2x4   xor()  9065 MB/s
[   10.848711] raid6: using algorithm sse2x4 gen() 14162 MB/s
[   10.875989] raid6: .... xor() 9065 MB/s, rmw enabled
[   10.877011] raid6: using ssse3x2 recovery algorithm
[   10.879685] xor: automatically using best checksumming function:
[   10.925810]    avx       : 18044.000 MB/sec
[   10.933605] async_tx: api initialized (async)
[   10.944698] md: raid6 personality registered for level 6
[   11.405678] md: raid5 personality registered for level 5
[   11.406599] md: raid4 personality registered for level 4
[   11.413605] md: raid10 personality registered for level 10
done.
Begin: Running /scripts/init-premount ... done.
Begin: Mounting root file system ... Begin: Running /scripts/local-top ... done.
Begin: Running /scripts/local-premount ... [   11.453533] Btrfs loaded
Scanning for Btrfs filesystems
done.
Warning: fsck not present, so sk[   11.553907] EXT4-fs (sda1): mounted filesystem with ordered data mode. Opts: (null)
ipping root file system
done.
Begin: Running /scripts/local-bottom ... done.
Begin: Running /scripts/init-bottom ... done.
[   12.344558] systemd[1]: systemd 229 running in system mode. (+PAM +AUDIT +SELINUX +IMA +APPARMOR +SMACK +SYSVINIT +UTMP +LIBCRYPTSETUP +GCRYPT +GNUTLS +ACL +XZ -LZ4 +SECCOMP +BLKID +ELFUTILS +KMOD -IDN)
[   12.377433] systemd[1]: Detected virtualization oracle.
[   12.378300] systemd[1]: Detected architecture x86-64.

Welcome to [1mUbuntu 16.04.3 LTS[0m!

[   12.415818] systemd[1]: Set hostname to <ubuntu-xenial>.
[   12.866901] random: nonblocking pool is initialized
[   13.377444] systemd[1]: Listening on Syslog Socket.
[[0;32m  OK  [0m] Listening on Syslog Socket.
[   13.395260] systemd[1]: Started Trigger resolvconf update for networkd DNS.
[[0;32m  OK  [0m] Started Trigger resolvconf update for networkd DNS.
[   13.397917] systemd[1]: Created slice User and Session Slice.
[[0;32m  OK  [0m] Created slice User and Session Slice.
[   13.427987] systemd[1]: Reached target User and Group Name Lookups.
[[0;32m  OK  [0m] Reached target User and Group Name Lookups.
[   13.431071] systemd[1]: Listening on LVM2 poll daemon socket.
[[0;32m  OK  [0m] Listening on LVM2 poll daemon socket.
[   13.433134] systemd[1]: Listening on Journal Audit Socket.
[[0;32m  OK  [0m] Listening on Journal Audit Socket.
[   13.435412] systemd[1]: Created slice System Slice.
[[0;32m  OK  [0m] Created slice System Slice.
[   13.437243] systemd[1]: Reached target Slices.
[[0;32m  OK  [0m] Reached target Slices.
[   13.439281] systemd[1]: Created slice system-serial\x2dgetty.slice.
[[0;32m  OK  [0m] Created slice system-serial\x2dgetty.slice.
[   13.441416] systemd[1]: Listening on /dev/initctl Compatibility Named Pipe.
[[0;32m  OK  [0m] Listening on /dev/initctl Compatibility Named Pipe.
[   13.443694] systemd[1]: Listening on udev Kernel Socket.
[[0;32m  OK  [0m] Listening on udev Kernel Socket.
[   13.445606] systemd[1]: Reached target Swap.
[[0;32m  OK  [0m] Reached target Swap.
[   13.447336] systemd[1]: Listening on Journal Socket (/dev/log).
[[0;32m  OK  [0m] Listening on Journal Socket (/dev/log).
[   13.449402] systemd[1]: Listening on Journal Socket.
[[0;32m  OK  [0m] Listening on Journal Socket.
[   13.482144] systemd[1]: Starting Load Kernel Modules...
         Starting Load Kernel Modules...
[   13.515180] systemd[1]: Starting Nameserver information manager...
         Starting Nameserver information [   13.559670] Loading iSCSI transport class v2.0-870.
manager...
[   13.578175] systemd[1]: Starting Set console keymap...
         Starting Set console keymap...
[   13.611189] iscsi: registered transport (tcp)
[   13.634121] systemd[1]: Starting Create list of required static device nodes for the current kernel...
         Starting Create list of required st... nodes for the current kernel...
[   13.655532] systemd[1]: Mounting Debug File System...
         Mounting Debug File System...
[   13.722255] systemd[1]: Starting Uncomplicated firewall...
         Starting Uncomplicated firewall...
[   13.751418] systemd[1]: Starting Remount Root and Kernel File Systems...
         Starting Remount Root and Kernel File Systems...
[   13.761535] systemd[1]: Starting Journal Service...
         Starting Journal Service...
[   13.778608] EXT4-fs (sda1): re-mounted. Opts: (null)
[   13.787131] systemd[1]: Mounting POSIX Message Queue File System...
[   13.817715] iscsi: registered transport (iser)
         Mounting POSIX Message Queue File System...
[   13.882133] systemd[1]: Mounting Huge Pages File System...
         Mounting Huge Pages File System...
[   13.981312] systemd[1]: Started Forward Password Requests to Wall Directory Watch.
[[0;32m  OK  [0m] Started Forward Password Requests to Wall Directory Watch.
[   13.987176] systemd[1]: Listening on udev Control Socket.
[[0;32m  OK  [0m] Listening on udev Control Socket.
[   13.989372] systemd[1]: Reached target Encrypted Volumes.
[[0;32m  OK  [0m] Reached target Encrypted Volumes.
[   13.991708] systemd[1]: Listening on Device-mapper event daemon FIFOs.
[[0;32m  OK  [0m] Listening on Device-mapper event daemon FIFOs.
[   14.006041] systemd[1]: Listening on LVM2 metadata daemon socket.
[[0;32m  OK  [0m] Listening on LVM2 metadata daemon socket.
[   14.038187] systemd[1]: Starting Monitoring of LVM2 mirrors, snapshots etc. using dmeventd or progress polling...
         Starting Monitoring of LVM2 mirrors... dmeventd or progress polling...
[   14.057752] systemd[1]: Set up automount Arbitrary Executable File Formats File System Automount Point.
[[0;32m  OK  [0m] Set up automount Arbitrary Executab...ats File System Automount Point.
[   14.127446] systemd[1]: Mounted Debug File System.
[[0;32m  OK  [0m] Mounted Debug File System.
[   14.218201] systemd[1]: Mounted Huge Pages File System.
[[0;32m  OK  [0m] Mounted Huge Pages File System.
[   14.413171] systemd[1]: Mounted POSIX Message Queue File System.
[[0;32m  OK  [0m] Mounted POSIX Message Queue File System.
[   14.415571] systemd[1]: Started Journal Service.
[[0;32m  OK  [0m] Started Journal Service.
[[0;32m  OK  [0m] Started Load Kernel Modules.
[[0;32m  OK  [0m] Started Set console keymap.
[[0;32m  OK  [0m] Started Create list of required sta...ce nodes for the current kernel.
[[0;32m  OK  [0m] Started Uncomplicated firewall.
[[[0;32m  OK  [0m] Started Remount Root and Kernel File Systems.
[[0;32m  OK  [0m] Started Nameserver information manager.
[[0;32m  OK  [0m] Started LVM2 metadata daemon.
         Starting udev Coldplug all Devices...
         Starting Initial cloud-init job (pre-networking)...
         Starting Load/Save Random Seed...
         Starting Create Static Device Nodes in /dev...
         Starting Apply Kernel Variables...
         Mounting FUSE Control File System...
         Starting Flush Journal to Persistent Storage...
[[0;32m  OK  [0m] Mounted FUSE Control File System.
[[0;32m  OK  [0m] Started Load/Save Random Seed.
[[0;32m  OK  [0m] Started udev Coldplug all Devices.
[[0;32m  OK  [0m] Started Apply Kernel Variables.
[[0;32m  OK  [0m] Started Flush Journal to Persistent Storage.
[[0;32m  OK  [0m] Started Create Static Device Nodes in /dev.
         Starting udev Kernel Device Manager...
[[0;32m  OK  [0m] Started Monitoring of LVM2 mirrors,...ng dmeventd or progress polling.
[[0;32m  OK  [0m] Started udev Kernel Device Manager.
[[0;32m  OK  [0m] Started Dispatch Password Requests to Console Directory Watch.
[[0;32m  OK  [0m] Reached target Local File Systems (Pre).
[[0;32m  OK  [0m] Reached target Local File Systems.
         Starting Create Volatile Files and Directories...
         Starting Tell Plymouth To Write Out Runtime Data...
         Starting Set console font and keymap...
         Starting LSB: AppArmor initialization...
[[0;32m  OK  [0m] Started Tell Plymouth To Write Out Runtime Data.
[[0;32m  OK  [0m] Started Create Volatile Files and Directories.
         Starting Update UTMP about System Boot/Shutdown...
[[0;32m  OK  [0m] Reached target System Time Synchronized.
[[0;32m  OK  [0m] Started Update UTMP about System Boot/Shutdown.
[[0;32m  OK  [0m] Found device /dev/ttyS0.
[[0;32m  OK  [0m] Found device 82540EM Gigabit Ethern...r (PRO/1000 MT Desktop Adapter).
[[0;32m  OK  [0m] Found device 82540EM Gigabit Ethern...r (PRO/1000 MT Desktop Adapter).
[[0;32m  OK  [0m] Started Set console font and keymap.
[[0;32m  OK  [0m] Created slice system-getty.slice.
[[0;32m  OK  [0m] Listening on Load/Save RF Kill Switch Status /dev/rfkill Watch.
[[0;32m  OK  [0m] Started LSB: AppArmor initialization.
[   15.434496] cloud-init[423]: Cloud-init v. 17.1 running 'init-local' at Fri, 16 Feb 2018 06:54:00 +0000. Up 14.88 seconds.
[[0;32m  OK  [0m] Started Initial cloud-init job (pre-networking).
[[0;32m  OK  [0m] Reached target Network (Pre).
[[0;32m  OK  [0m] Started ifup for enp0s3.
[[0;32m  OK  [0m] Started ifup for enp0s8.
         Starting Raise network interfaces...
[[0;32m  OK  [0m] Started Raise network interfaces.
         Starting Initial cloud-init job (metadata service crawler)...
[[0;32m  OK  [0m] Reached target Network.
[   17.363989] cloud-init[1067]: Cloud-init v. 17.1 running 'init' at Fri, 16 Feb 2018 06:54:02 +0000. Up 16.63 seconds.
[   17.380920] cloud-init[1067]: ci-info: ++++++++++++++++++++++++++++++++++++++Net device info++++++++++++++++++++++++++++++++++++++
[   17.385421] cloud-init[1067]: ci-info: +--------+------+-----------------------------+---------------+-------+-------------------+
[   17.389437] cloud-init[1067]: ci-info: | Device |  Up  |           Address           |      Mask     | Scope |     Hw-Address    |
[[0;32m  OK  [0m] Started Initial cloud-init job (metadata service crawler).
[[   17.499271] cloud-init[1067]: ci-info: +--------+------+-----------------------------+---------------+-------+-------------------+
[0;32m  OK  [0m] Reached target System Initialization.
[   17.559549] cloud-init[1067]: ci-info: | enp0s3 | True |          10.0.2.15          | 255.255.255.0 |   .   | 02:69:07:7b:a1:bd |
[   17.672491] cloud-init[1067]: ci-info: | enp0s3 | True |  fe80::69:7ff:fe7b:a1bd/64  |       .       |  link | 02:69:07:7b:a1:bd |
[   17.673075] cloud-init[1067]: ci-info: | enp0s8 | True |         192.168.1.63        | 255.255.255.0 |   .   | 08:00:27:38:ef:cf |
         Starting Socket activation for snappy daemon.
[   17.673269] cloud-init[1067]: ci-info: | enp0s8 | True | fe80::a00:27ff:fe38:efcf/64 |       .       |  link | 08:00:27:38:ef:cf |
[   17.925175] cloud-init[1067]: ci-info: |   lo   | True |          127.0.0.1          |   255.0.0.0   |   .   |         .         |
[[0;32m  OK  [0m] Listening on UUID daemon activation socket.
[   17.925503] cloud-init[1067]: ci-info: |   lo   | True |           ::1/128           |       .       |  host |         .         |
[   17.973119] cloud-init[1067]: ci-info: +--------+------+-----------------------------+---------------+-------+-------------------+
[   17.975413] cloud-init[1067]: ci-info: +++++++++++++++++++++++++++Route IPv4 info++++++++++++++++++++++++++++
[   17.975852] cloud-init[1067]: ci-info: +-------+-------------+----------+---------------+-----------+-------+
[   17.976377] cloud-init[1067]: ci-info: | Route | Destination | Gateway  |    Genmask    | Interface | Flags |
[   17.976725] cloud-init[1067]: ci-info: +-------+-------------+----------+---------------+-----------+-------+
[   17.977077] cloud-init[1067]: ci-info: |   0   |   0.0.0.0   | 10.0.2.2 |    0.0.0.0    |   enp0s3  |   UG  |
[   17.977427] cloud-init[1067]: ci-info: |   1   |   10.0.2.0  | 0.0.0.0  | 255.255.255.0 |   enp0s3  |   U   |
[   17.977780] cloud-init[1067]: ci-info: |   2   | 192.168.1.0 | 0.0.0.0  | 255.255.255.0 |   enp0s8  |   U   |
[   17.978131] cloud-init[1067]: ci-info: +-------+-------------+----------+---------------+-----------+-------+
         Starting LXD - unix socket.
[[0;32m  OK  [0m] Listening on ACPID Listen Socket.
[[0;32m  OK  [0m] Started Daily Cleanup of Temporary Directories.
[[0;32m  OK  [0m] Started Timer to automatically refresh installed snaps.
[[0;32m  OK  [0m] Listening on D-Bus System Message Bus Socket.
[[0;32m  OK  [0m] Started ACPI Events Check.
[[0;32m  OK  [0m] Reached target Paths.
[[0;32m  OK  [0m] Reached target Network is Online.
         Starting iSCSI initiator daemon (iscsid)...
[[0;32m  OK  [0m] Started Daily apt download activities.
[[0;32m  OK  [0m] Started Daily apt upgrade and clean activities.
[[0;32m  OK  [0m] Reached target Timers.
[[0;32m  OK  [0m] Reached target Cloud-config availability.
[[0;32m  OK  [0m] Listening on Socket activation for snappy daemon.
[[0;32m  OK  [0m] Listening on LXD - unix socket.
[[0;32m  OK  [0m] Reached target Sockets.
[[0;32m  OK  [0m] Reached target Basic System.
[[0;32m  OK  [0m] Started D-Bus System Message Bus.
[[0;32m  OK  [0m] Started ACPI event daemon.
         Starting LSB: MD monitoring daemon...
[[0;32m  OK  [0m] Started FUSE filesystem for LXC.
         Starting LSB: Record successful boot for GRUB...
         Starting Apply the settings specified in cloud-config...
[[0;32m  OK  [0m] Started Deferred execution scheduler.
[[0;32m  OK  [0m] Started Regular background program processing daemon.
[[0;32m  OK  [0m] Started Unattended Upgrades Shutdown.
         Starting Snappy daemon...
         Starting LXD - container startup/shutdown...
         Starting Login Service...
         Starting Accounts Service...
         Starting System Logging Service...
         Starting /etc/rc.local Compatibility...
         Starting OpenBSD Secure Shell server...
[[0;32m  OK  [0m] Started iSCSI initiator daemon (iscsid).
[[0;32m  OK  [0m] Started /etc/rc.local Compatibility.
         Starting Login to default iSCSI targets...
[[0;32m  OK  [0m] Started Login Service.
[[0;32m  OK  [0m] Started LSB: Record successful boot for GRUB.
[[0;32m  OK  [0m] Started LSB: MD monitoring daemon.
[   19.205271] cloud-init[1137]: Cloud-init v. 17.1 running 'modules:config' at Fri, 16 Feb 2018 06:54:04 +0000. Up 18.92 seconds.
[[0;32m  OK  [0m] Started Login to default iSCSI targets.
[[0;32m  OK  [0m] Reached target Remote File Systems (Pre).
[[0;32m  OK  [0m] Reached target Remote File Systems.
         Starting LSB: Set the CPU Frequency Scaling governor to "ondemand"...
         Starting LSB: automatic crash report generation...
         Starting LSB: VirtualBox Linux Additions...
         Starting Permit User Sessions...
         Starting LSB: daemon to balance interrupts for SMP systems...
         Starting LSB: Apache2 web server...
[[0;32m  OK  [0m] Started System Logging Service.
[[0;32m  OK  [0m] Started Apply the settings specified in cloud-config.
[[0;32m  OK  [0m] Started LSB: Set the CPU Frequency Scaling governor to "ondemand".
[[0;32m  OK  [0m] Started Permit User Sessions.
         Starting Hold until boot process finishes up...
         Starting Terminate Plymouth Boot Screen...
[[0;32m  OK  [0m] Started Hold until boot process finishes up.
[[0;32m  OK  [0m] Started Terminate Plymouth Boot Screen.
[[0;32m  OK  [0m] Started LSB: automatic crash report generation.
[[0;32m  OK  [0m] Started Getty on tty1.
         Starting Set console scheme...
[[0;32m  OK  [0m] Started Serial Getty on ttyS0.
[[0;32m  OK  [0m] Reached target Login Prompts.
[[0;32m  OK  [0m] Started Set console scheme.
[[0;32m  OK  [0m] Started LSB: daemon to balance interrupts for SMP systems.
[[0;32m  OK  [0m] Started OpenBSD Secure Shell server.
[[0;32m  OK  [0m] Started LSB: VirtualBox Linux Additions.
         Starting Authenticate and Authorize Users to Run Privileged Tasks...
[[0;32m  OK  [0m] Started Authenticate and Authorize Users to Run Privileged Tasks.
[[0;32m  OK  [0m] Started Accounts Service.
[[0;32m  OK  [0m] Started Snappy daemon.
[[0;32m  OK  [0m] Started LXD - container startup/shutdown.
[[0;32m  OK  [0m] Started LSB: Apache2 web server.
[[0;32m  OK  [0m] Reached target Multi-User System.
         Starting Execute cloud user/final scripts...
[[0;32m  OK  [0m] Reached target Graphical Interface.
         Starting Update UTMP about System Runlevel Changes...
[[0;32m  OK  [0m] Started Update UTMP about System Runlevel Changes.
[   22.575159] cloud-init[1370]: Cloud-init v. 17.1 running 'modules:final' at Fri, 16 Feb 2018 06:54:08 +0000. Up 22.39 seconds.
[   22.586292] cloud-init[1370]: Cloud-init v. 17.1 finished at Fri, 16 Feb 2018 06:54:08 +0000. Datasource DataSourceNoCloud [seed=/dev/sdb][dsmode=net].  Up 22.56 seconds
[[0;32m  OK  [0m] Started Execute cloud user/final scripts.
[[0;32m  OK  [0m] Reached target Cloud-init target.

Ubuntu 16.04.3 LTS ubuntu-xenial ttyS0

ubuntu-xenial login: 